周一 四月 6 10:27:25 2015	----Debug: APP Start----
周一 四月 6 10:31:02 2015	----Debug: BaseDataButton_Clicked----
周一 四月 6 10:31:02 2015	----Debug: 串口打开失败，请重新设置串口----
周一 四月 6 10:31:05 2015	----Debug: APP Stop----
周一 四月 6 10:33:21 2015	----Debug: APP Start----
周一 四月 6 10:33:33 2015	----Debug: SettingButton_Clicked----
周一 四月 6 10:33:34 2015	----Debug: BaseDataButton_Clicked----
周一 四月 6 10:33:34 2015	----Debug: 串口打开失败，请重新设置串口----
周一 四月 6 10:33:35 2015	----Debug: SettingButton_Clicked----
周一 四月 6 10:33:36 2015	----Debug: BaseDataButton_Clicked----
周一 四月 6 10:33:36 2015	----Debug: 串口打开失败，请重新设置串口----
周一 四月 6 10:33:38 2015	----Debug: ChartButton_Clicked----
周一 四月 6 10:33:38 2015	----Debug: 串口打开失败，请重新设置串口----
周一 四月 6 10:33:49 2015	----Debug: ChartButton_Clicked----
周一 四月 6 10:33:49 2015	----Debug: 串口打开失败，请重新设置串口----
周一 四月 6 10:33:49 2015	----Debug: BaseDataButton_Clicked----
周一 四月 6 10:33:49 2015	----Debug: 串口打开失败，请重新设置串口----
周一 四月 6 10:33:52 2015	----Debug: APP Stop----
周一 四月 6 10:36:49 2015	----Debug: APP Start----
周一 四月 6 10:37:00 2015	----Debug: APP Stop----
周一 四月 6 10:37:19 2015	----Debug: APP Start----
周一 四月 6 10:37:39 2015	----Debug: APP Stop----
周一 四月 6 10:37:47 2015	----Debug: APP Start----
周一 四月 6 10:37:49 2015	----Debug: SettingButton_Clicked----
周一 四月 6 10:37:50 2015	----Debug: Setting Port:COM9----
周一 四月 6 10:37:50 2015	----Debug: Setting Port:COM10----
周一 四月 6 10:37:51 2015	----Debug: BaseDataButton_Clicked----
周一 四月 6 10:37:51 2015	----Debug: 串口打开成功----
周一 四月 6 10:37:51 2015	----Debug: dataCollectThread start----
周一 四月 6 10:38:10 2015	----Debug: APP Stop----
周一 四月 6 10:38:10 2015	----Debug: APP Stop:dataCollectThread terminate----
周一 四月 6 10:38:10 2015	----Debug: 串口已关闭----
周一 四月 6 10:38:56 2015	----Debug: APP Start----
周一 四月 6 10:38:58 2015	----Debug: SettingButton_Clicked----
周一 四月 6 10:38:58 2015	----Debug: Setting Port:COM9----
周一 四月 6 10:38:58 2015	----Debug: Setting Port:COM10----
周一 四月 6 10:38:59 2015	----Debug: BaseDataButton_Clicked----
周一 四月 6 10:38:59 2015	----Debug: 串口打开成功----
周一 四月 6 10:38:59 2015	----Debug: dataCollectThread start----
周一 四月 6 10:39:09 2015	----Debug: ChartButton_Clicked----
周一 四月 6 10:39:25 2015	----Debug: SettingButton_Clicked----
周一 四月 6 10:39:25 2015	----Warning: QIODevice::read: device not open----
周一 四月 6 10:39:25 2015	----Warning: QIODevice::read: device not open----
周一 四月 6 10:39:25 2015	----Warning: QIODevice::read: device not open----
周一 四月 6 10:39:25 2015	----Warning: QIODevice::read: device not open----
周一 四月 6 10:39:25 2015	----Warning: QIODevice::read: device not open----
周一 四月 6 10:39:25 2015	----Warning: QIODevice::read: device not open----
周一 四月 6 10:39:25 2015	----Warning: QIODevice::read: device not open----
周一 四月 6 10:39:25 2015	----Warning: QIODevice::read: device not open----
周一 四月 6 10:39:25 2015	----Warning: QIODevice::read: device not open----
周一 四月 6 10:39:25 2015	----Warning: QIODevice::read: device not open----
周一 四月 6 10:39:25 2015	----Warning: QIODevice::read: device not open----
周一 四月 6 10:39:25 2015	----Warning: QIODevice::read: device not open----
周一 四月 6 10:39:25 2015	----Warning: QIODevice::read: device not open----
周一 四月 6 10:39:25 2015	----Warning: QIODevice::read: device not open----
周一 四月 6 10:39:25 2015	----Warning: QIODevice::read: device not open----
周一 四月 6 10:39:25 2015	----Warning: QIODevice::read: device not open----
周一 四月 6 10:39:25 2015	----Warning: QIODevice::read: device not open----
周一 四月 6 10:39:25 2015	----Debug: 串口已关闭----
周一 四月 6 10:39:25 2015	----Warning: QIODevice::read: device not open----
周一 四月 6 10:39:25 2015	----Debug: dataCollectThread terminate----
en----
周一 四月 6 10:39:27 2015	----Debug: BaseDataButton_Clicked----
周一 四月 6 10:39:27 2015	----Debug: 串口打开成功----
周一 四月 6 10:39:27 2015	----Debug: dataCollectThread start----
周一 四月 6 10:39:30 2015	----Debug: APP Stop----
周一 四月 6 10:39:30 2015	----Debug: APP Stop:dataCollectThread terminate----
周一 四月 6 10:39:30 2015	----Debug: 串口已关闭----
周一 四月 6 10:40:14 2015	----Debug: APP Start----
周一 四月 6 10:40:17 2015	----Debug: SettingButton_Clicked----
周一 四月 6 10:40:17 2015	----Debug: Setting Port:COM9----
周一 四月 6 10:40:17 2015	----Debug: Setting Port:COM10----
周一 四月 6 10:40:17 2015	----Debug: Setting Port:COM11----
周一 四月 6 10:40:19 2015	----Debug: Setting Port:COM10----
周一 四月 6 10:40:20 2015	----Debug: BaseDataButton_Clicked----
周一 四月 6 10:40:20 2015	----Debug: 串口打开成功----
周一 四月 6 10:40:20 2015	----Debug: dataCollectThread start----
周一 四月 6 10:40:42 2015	----Debug: ChartButton_Clicked----
周一 四月 6 10:40:47 2015	----Debug: SettingButton_Clicked----
周一 四月 6 10:40:48 2015	----Warning: QIODevice::read: device not open----
周一 四月 6 10:40:48 2015	----Warning: QIODevice::read: device not open----
周一 四月 6 10:40:48 2015	----Warning: QIODevice::read: device not open----
周一 四月 6 10:40:48 2015	----Warning: QIODevice::read: device not open----
周一 四月 6 10:40:48 2015	----Warning: QIODevice::read: device not open----
周一 四月 6 10:40:48 2015	----Warning: QIODevice::read: device not open----
周一 四月 6 10:40:48 2015	----Warning: QIODevice::read: device not open----
周一 四月 6 10:40:48 2015	----Warning: QIODevice::read: device not open----
周一 四月 6 10:40:48 2015	----Warning: QIODevice::read: device not open----
周一 四月 6 10:40:48 2015	----Warning: QIODevice::read: device not open----
周一 四月 6 10:40:48 2015	----Warning: QIODevice::read: device not open----
周一 四月 6 10:40:48 2015	----Warning: QIODevice::read: device not open----
周一 四月 6 10:40:48 2015	----Warning: QIODevice::read: device not open----
周一 四月 6 10:40:48 2015	----Warning: QIODevice::read: device not open----
周一 四月 6 10:40:48 2015	----Warning: QIODevice::read: device not open----
周一 四月 6 10:40:48 2015	----Warning: QIODevice::read: device not open----
周一 四月 6 10:40:48 2015	----Warning: QIODevice::read: device not open----
周一 四月 6 10:40:48 2015	----Warning: QIODevice::read: device not open----
周一 四月 6 10:40:48 2015	----Warning: QIODevice::read: device not open----
周一 四月 6 10:40:48 2015	----Warning: QIODevice::read: device not open----
周一 四月 6 10:40:48 2015	----Debug: 串口已关闭----
周一 四月 6 10:40:48 2015	----Warning: QIODevice::read: device not open----
周一 四月 6 10:40:48 2015	----Debug: dataCollectThread terminate----
周一 四月 6 10:43:19 2015	----Debug: APP Stop----
周一 四月 6 10:43:22 2015	----Debug: APP Start----
周一 四月 6 10:43:28 2015	----Debug: SettingButton_Clicked----
周一 四月 6 10:45:09 2015	----Debug: SettingButton_Clicked----
周一 四月 6 10:45:10 2015	----Debug: Setting Port:COM9----
周一 四月 6 10:45:10 2015	----Debug: Setting Port:COM10----
周一 四月 6 10:45:11 2015	----Debug: ChartButton_Clicked----
周一 四月 6 10:45:11 2015	----Debug: 串口打开成功----
周一 四月 6 10:45:11 2015	----Debug: dataCollectThread start----
周一 四月 6 10:45:12 2015	----Debug: BaseDataButton_Clicked----
周一 四月 6 10:45:18 2015	----Debug: ChartButton_Clicked----
周一 四月 6 10:45:27 2015	----Debug: APP Stop----
周一 四月 6 10:45:27 2015	----Debug: APP Stop:dataCollectThread terminate----
周一 四月 6 10:45:27 2015	----Debug: 串口已关闭----
周一 四月 6 10:46:08 2015	----Debug: APP Start----
周一 四月 6 10:46:18 2015	----Debug: SettingButton_Clicked----
周一 四月 6 10:46:19 2015	----Debug: Setting Port:COM9----
周一 四月 6 10:46:19 2015	----Debug: Setting Port:COM10----
周一 四月 6 10:46:20 2015	----Debug: BaseDataButton_Clicked----
周一 四月 6 10:46:20 2015	----Debug: 串口打开成功----
周一 四月 6 10:46:20 2015	----Debug: dataCollectThread start----
周一 四月 6 10:48:39 2015	----Debug: ChartButton_Clicked----
周一 四月 6 10:48:40 2015	----Debug: SettingButton_Clicked----
周一 四月 6 10:48:40 2015	----Warning: QIODevice::read: device not open----
周一 四月 6 10:48:40 2015	----Warning: QIODevice::read: device not open----
周一 四月 6 10:48:40 2015	----Warning: QIODevice::read: device not open----
周一 四月 6 10:48:40 2015	----Warning: QIODevice::read: device not open----
周一 四月 6 10:48:40 2015	----Warning: QIODevice::read: device not open----
周一 四月 6 10:48:40 2015	----Warning: QIODevice::read: device not open----
周一 四月 6 10:48:40 2015	----Warning: QIODevice::read: device not open----
周一 四月 6 10:48:40 2015	----Warning: QIODevice::read: device not open----
周一 四月 6 10:48:40 2015	----Warning: QIODevice::read: device not open----
周一 四月 6 10:48:40 2015	----Warning: QIODevice::read: device not open----
周一 四月 6 10:48:40 2015	----Warning: QIODevice::read: device not open----
周一 四月 6 10:48:40 2015	----Debug: 串口已关闭----
周一 四月 6 10:48:40 2015	----Warning: QIODevice::read: device not open----
周一 四月 6 10:48:40 2015	----Debug: dataCollectThread terminate----
周一 四月 6 10:48:41 2015	----Debug: BaseDataButton_Clicked----
周一 四月 6 10:48:41 2015	----Debug: 串口打开成功----
周一 四月 6 10:48:41 2015	----Debug: dataCollectThread start----
周一 四月 6 10:50:54 2015	----Debug: BaseDataButton_Clicked----
周一 四月 6 10:50:54 2015	----Debug: ChartButton_Clicked----
周一 四月 6 10:50:55 2015	----Debug: BaseDataButton_Clicked----
周一 四月 6 10:50:56 2015	----Debug: BaseDataButton_Clicked----
周一 四月 6 10:50:56 2015	----Debug: BaseDataButton_Clicked----
周一 四月 6 10:50:56 2015	----Debug: BaseDataButton_Clicked----
周一 四月 6 10:50:57 2015	----Debug: BaseDataButton_Clicked----
周一 四月 6 10:51:00 2015	----Debug: SettingButton_Clicked----
周一 四月 6 10:51:00 2015	----Warning: QIODevice::read: device not open----
周一 四月 6 10:51:00 2015	----Warning: QIODevice::read: device not open----
周一 四月 6 10:51:00 2015	----Warning: QIODevice::read: device not open----
周一 四月 6 10:51:00 2015	----Warning: QIODevice::read: device not open----
周一 四月 6 10:51:00 2015	----Warning: QIODevice::read: device not open----
周一 四月 6 10:51:00 2015	----Warning: QIODevice::read: device not open----
周一 四月 6 10:51:00 2015	----Debug: 串口已关闭----
周一 四月 6 10:51:00 2015	----Warning: QIODevice::read: device not open----
周一 四月 6 10:51:00 2015	----Debug: dataCollectThread terminate----
周一 四月 6 10:51:02 2015	----Debug: ChartButton_Clicked----
周一 四月 6 10:51:02 2015	----Debug: 串口打开成功----
周一 四月 6 10:51:02 2015	----Debug: dataCollectThread start----
周一 四月 6 10:51:02 2015	----Debug: SettingButton_Clicked----
周一 四月 6 10:51:03 2015	----Debug: 串口已关闭----
周一 四月 6 10:51:03 2015	----Debug: dataCollectThread terminate----
周一 四月 6 10:51:04 2015	----Debug: BaseDataButton_Clicked----
周一 四月 6 10:51:04 2015	----Debug: 串口打开成功----
周一 四月 6 10:51:04 2015	----Debug: dataCollectThread start----
周一 四月 6 11:18:47 2015	----Debug: ChartButton_Clicked----
周一 四月 6 11:18:49 2015	----Debug: SettingButton_Clicked----
周一 四月 6 11:18:49 2015	----Warning: QIODevice::read: device not open----
周一 四月 6 11:18:49 2015	----Warning: QIODevice::read: device not open----
周一 四月 6 11:18:49 2015	----Warning: QIODevice::read: device not open----
周一 四月 6 11:18:49 2015	----Warning: QIODevice::read: device not open----
周一 四月 6 11:18:49 2015	----Warning: QIODevice::read: device not open----
周一 四月 6 11:18:49 2015	----Warning: QIODevice::read: device not open----
周一 四月 6 11:18:49 2015	----Warning: QIODevice::read: device not open----
周一 四月 6 11:18:49 2015	----Debug: 串口已关闭----
周一 四月 6 11:18:49 2015	----Debug: dataCollectThread terminate----
周一 四月 6 11:18:49 2015	----Warning: QIODevice::read: device not open----
周一 四月 6 11:19:15 2015	----Debug: BaseDataButton_Clicked----
周一 四月 6 11:19:15 2015	----Debug: 串口打开成功----
周一 四月 6 11:19:15 2015	----Debug: dataCollectThread start----
周一 四月 6 11:19:38 2015	----Debug: ChartButton_Clicked----
周一 四月 6 11:19:40 2015	----Debug: SettingButton_Clicked----
周一 四月 6 11:19:40 2015	----Warning: QIODevice::read: device not open----
周一 四月 6 11:19:40 2015	----Warning: QIODevice::read: device not open----
周一 四月 6 11:19:40 2015	----Warning: QIODevice::read: device not open----
周一 四月 6 11:19:40 2015	----Warning: QIODevice::read: device not open----
周一 四月 6 11:19:40 2015	----Warning: QIODevice::read: device not open----
周一 四月 6 11:19:40 2015	----Warning: QIODevice::read: device not open----
周一 四月 6 11:19:40 2015	----Warning: QIODevice::read: device not open----
周一 四月 6 11:19:40 2015	----Warning: QIODevice::read: device not open----
周一 四月 6 11:19:40 2015	----Warning: QIODevice::read: device not open----
周一 四月 6 11:19:40 2015	----Warning: QIODevice::read: device not open----
周一 四月 6 11:19:40 2015	----Warning: QIODevice::read: device not open----
周一 四月 6 11:19:40 2015	----Warning: QIODevice::read: device not open----
周一 四月 6 11:19:40 2015	----Warning: QIODevice::read: device not open----
周一 四月 6 11:19:40 2015	----Warning: QIODevice::read: device not open----
周一 四月 6 11:19:40 2015	----Warning: QIODevice::read: device not open----
周一 四月 6 11:19:40 2015	----Warning: QIODevice::read: device not open----
周一 四月 6 11:19:40 2015	----Warning: QIODevice::read: device not open----
周一 四月 6 11:19:40 2015	----Warning: QIODevice::read: device not open----
周一 四月 6 11:19:40 2015	----Warning: QIODevice::read: device not open----
周一 四月 6 11:19:40 2015	----Warning: QIODevice::read: device not open----
周一 四月 6 11:19:40 2015	----Warning: QIODevice::read: device not open----
周一 四月 6 11:19:40 2015	----Warning: QIODevice::read: device not open----
周一 四月 6 11:19:40 2015	----Warning: QIODevice::read: device not open----
周一 四月 6 11:19:40 2015	----Warning: QIODevice::read: device not open----
周一 四月 6 11:19:40 2015	----Warning: QIODevice::read: device not open----
周一 四月 6 11:19:40 2015	----Warning: QIODevice::read: device not open----
周一 四月 6 11:19:40 2015	----Warning: QIODevice::read: device not open----
周一 四月 6 11:19:40 2015	----Warning: QIODevice::read: device not open----
周一 四月 6 11:19:40 2015	----Warning: QIODevice::read: device not open----
周一 四月 6 11:19:40 2015	----Warning: QIODevice::read: device not open----
周一 四月 6 11:19:40 2015	----Warning: QIODevice::read: device not open----
周一 四月 6 11:19:40 2015	----Warning: QIODevice::read: device not open----
周一 四月 6 11:19:40 2015	----Warning: QIODevice::read: device not open----
周一 四月 6 11:19:40 2015	----Warning: QIODevice::read: device not open----
周一 四月 6 11:19:40 2015	----Warning: QIODevice::read: device not open----
周一 四月 6 11:19:40 2015	----Warning: QIODevice::read: device not open----
周一 四月 6 11:19:40 2015	----Debug: 串口已关闭----
周一 四月 6 11:19:40 2015	----Warning: QIODevice::read: device not open----
周一 四月 6 11:19:40 2015	----Debug: dataCollectThread terminate----
周一 四月 6 11:19:42 2015	----Debug: ChartButton_Clicked----
周一 四月 6 11:19:42 2015	----Debug: 串口打开成功----
周一 四月 6 11:19:42 2015	----Debug: dataCollectThread start----
周一 四月 6 11:19:43 2015	----Debug: SettingButton_Clicked----
周一 四月 6 11:19:43 2015	----Warning: QIODevice::read: device not open----
周一 四月 6 11:19:44 2015	----Warning: QIODevice::read: device not open----
周一 四月 6 11:19:44 2015	----Warning: QIODevice::read: device not open----
周一 四月 6 11:19:44 2015	----Warning: QIODevice::read: device not open----
周一 四月 6 11:19:44 2015	----Warning: QIODevice::read: device not open----
周一 四月 6 11:19:44 2015	----Warning: QIODevice::read: device not open----
周一 四月 6 11:19:44 2015	----Warning: QIODevice::read: device not open----
周一 四月 6 11:19:44 2015	----Warning: QIODevice::read: device not open----
周一 四月 6 11:19:44 2015	----Warning: QIODevice::read: device not open----
周一 四月 6 11:19:44 2015	----Warning: QIODevice::read: device not open----
周一 四月 6 11:19:44 2015	----Warning: QIODevice::read: device not open----
周一 四月 6 11:19:44 2015	----Warning: QIODevice::read: device not open----
周一 四月 6 11:19:44 2015	----Warning: QIODevice::read: device not open----
周一 四月 6 11:19:44 2015	----Warning: QIODevice::read: device not open----
周一 四月 6 11:19:44 2015	----Warning: QIODevice::read: device not open----
周一 四月 6 11:19:44 2015	----Warning: QIODevice::read: device not open----
周一 四月 6 11:19:44 2015	----Warning: QIODevice::read: device not open----
周一 四月 6 11:19:44 2015	----Warning: QIODevice::read: device not open----
周一 四月 6 11:19:44 2015	----Warning: QIODevice::read: device not open----
周一 四月 6 11:19:44 2015	----Warning: QIODevice::read: device not open----
周一 四月 6 11:19:44 2015	----Warning: QIODevice::read: device not open----
周一 四月 6 11:19:44 2015	----Warning: QIODevice::read: device not open----
周一 四月 6 11:19:44 2015	----Warning: QIODevice::read: device not open----
周一 四月 6 11:19:44 2015	----Warning: QIODevice::read: device not open----
周一 四月 6 11:19:44 2015	----Warning: QIODevice::read: device not open----
周一 四月 6 11:19:44 2015	----Warning: QIODevice::read: device not open----
周一 四月 6 11:19:44 2015	----Warning: QIODevice::read: device not open----
周一 四月 6 11:19:44 2015	----Warning: QIODevice::read: device not open----
周一 四月 6 11:19:44 2015	----Warning: QIODevice::read: device not open----
周一 四月 6 11:19:44 2015	----Warning: QIODevice::read: device not open----
周一 四月 6 11:19:44 2015	----Warning: QIODevice::read: device not open----
周一 四月 6 11:19:44 2015	----Warning: QIODevice::read: device not open----
周一 四月 6 11:19:44 2015	----Warning: QIODevice::read: device not open----
周一 四月 6 11:19:44 2015	----Warning: QIODevice::read: device not open----
周一 四月 6 11:19:44 2015	----Warning: QIODevice::read: device not open----
周一 四月 6 11:19:44 2015	----Warning: QIODevice::read: device not open----
周一 四月 6 11:19:44 2015	----Warning: QIODevice::read: device not open----
周一 四月 6 11:19:44 2015	----Warning: QIODevice::read: device not open----
周一 四月 6 11:19:44 2015	----Warning: QIODevice::read: device not open----
周一 四月 6 11:19:44 2015	----Warning: QIODevice::read: device not open----
周一 四月 6 11:19:44 2015	----Warning: QIODevice::read: device not open----
周一 四月 6 11:19:44 2015	----Warning: QIODevice::read: device not open----
周一 四月 6 11:19:43 2015	----Debug: 串口已关闭----
周一 四月 6 11:19:44 2015	----Warning: QIODevice::read: device not open----
周一 四月 6 11:19:44 2015	----Warning: QIODevice::read: device not open----
周一 四月 6 11:19:44 2015	----Debug: dataCollectThread terminate----
周一 四月 6 11:19:46 2015	----Debug: BaseDataButton_Clicked----
周一 四月 6 11:19:46 2015	----Debug: 串口打开成功----
周一 四月 6 11:19:46 2015	----Debug: dataCollectThread start----
周一 四月 6 11:19:49 2015	----Debug: SettingButton_Clicked----
周一 四月 6 11:19:49 2015	----Warning: QIODevice::read: device not open----
周一 四月 6 11:19:49 2015	----Warning: QIODevice::read: device not open----
周一 四月 6 11:19:49 2015	----Warning: QIODevice::read: device not open----
周一 四月 6 11:19:49 2015	----Warning: QIODevice::read: device not open----
周一 四月 6 11:19:49 2015	----Warning: QIODevice::read: device not open----
周一 四月 6 11:19:49 2015	----Debug: 串口已关闭----
周一 四月 6 11:19:49 2015	----Warning: QIODevice::read: device not open----
周一 四月 6 11:19:49 2015	----Debug: dataCollectThread terminate----
周一 四月 6 11:20:16 2015	----Debug: BaseDataButton_Clicked----
周一 四月 6 11:20:16 2015	----Debug: 串口打开成功----
周一 四月 6 11:20:16 2015	----Debug: dataCollectThread start----
周一 四月 6 11:23:28 2015	----Debug: ChartButton_Clicked----
周一 四月 6 11:23:29 2015	----Debug: SettingButton_Clicked----
周一 四月 6 11:23:29 2015	----Warning: QIODevice::read: device not open----
周一 四月 6 11:23:29 2015	----Warning: QIODevice::read: device not open----
周一 四月 6 11:23:29 2015	----Warning: QIODevice::read: device not open----
周一 四月 6 11:23:29 2015	----Warning: QIODevice::read: device not open----
周一 四月 6 11:23:29 2015	----Warning: QIODevice::read: device not open----
周一 四月 6 11:23:29 2015	----Warning: QIODevice::read: device not open----
周一 四月 6 11:23:29 2015	----Warning: QIODevice::read: device not open----
周一 四月 6 11:23:29 2015	----Debug: 串口已关闭----
周一 四月 6 11:23:29 2015	----Warning: QIODevice::read: device not open----
周一 四月 6 11:23:29 2015	----Debug: dataCollectThread terminate----
周一 四月 6 11:23:29 2015	----Debug: BaseDataButton_Clicked----
周一 四月 6 11:23:29 2015	----Debug: 串口打开成功----
周一 四月 6 11:23:29 2015	----Debug: dataCollectThread start----
周一 四月 6 11:27:22 2015	----Debug: APP Stop----
周一 四月 6 11:27:22 2015	----Debug: APP Stop:dataCollectThread terminate----
周一 四月 6 11:27:23 2015	----Debug: 串口已关闭----
周一 四月 6 13:06:27 2015	----Debug: APP Start----
周一 四月 6 14:48:27 2015	----Debug: APP Stop----
周一 四月 6 23:01:42 2015	----Debug: APP Start----
周一 四月 6 23:01:44 2015	----Debug: BaseDataButton_Clicked----
周一 四月 6 23:01:44 2015	----Debug: 串口打开失败，请重新设置串口----
周一 四月 6 23:01:45 2015	----Debug: APP Stop----
周一 四月 6 23:04:39 2015	----Debug: APP Start----
周一 四月 6 23:05:44 2015	----Debug: APP Stop----
周一 四月 6 23:05:47 2015	----Debug: APP Start----
周一 四月 6 23:05:50 2015	----Debug: APP Stop----
周一 四月 6 23:06:31 2015	----Debug: APP Start----
周一 四月 6 23:06:34 2015	----Debug: BaseDataButton_Clicked----
周一 四月 6 23:06:34 2015	----Debug: 串口打开失败，请重新设置串口----
周一 四月 6 23:06:36 2015	----Debug: APP Stop----
周一 四月 6 23:06:59 2015	----Debug: APP Start----
周一 四月 6 23:07:01 2015	----Debug: BaseDataButton_Clicked----
周一 四月 6 23:07:01 2015	----Debug: 串口打开失败，请重新设置串口----
周一 四月 6 23:07:02 2015	----Debug: BaseDataButton_Clicked----
周一 四月 6 23:07:02 2015	----Debug: 串口打开失败，请重新设置串口----
周一 四月 6 23:07:02 2015	----Debug: BaseDataButton_Clicked----
周一 四月 6 23:07:02 2015	----Debug: 串口打开失败，请重新设置串口----
周一 四月 6 23:07:03 2015	----Debug: ChartButton_Clicked----
周一 四月 6 23:07:03 2015	----Debug: 串口打开失败，请重新设置串口----
周一 四月 6 23:07:03 2015	----Debug: BaseDataButton_Clicked----
周一 四月 6 23:07:04 2015	----Debug: 串口打开失败，请重新设置串口----
周一 四月 6 23:07:05 2015	----Debug: APP Stop----
周二 四月 7 09:36:58 2015	----Debug: APP Start----
周二 四月 7 09:38:27 2015	----Debug: ChartButton_Clicked----
周二 四月 7 09:39:11 2015	----Debug: SettingButton_Clicked----
周二 四月 7 09:39:12 2015	----Warning: QIODevice::read: device not open----
周二 四月 7 09:39:12 2015	----Warning: QIODevice::read: device not open----
周二 四月 7 09:39:12 2015	----Warning: QIODevice::read: device not open----
周二 四月 7 09:39:12 2015	----Warning: QIODevice::read: device not open----
周二 四月 7 09:39:12 2015	----Warning: QIODevice::read: device not open----
周二 四月 7 09:39:12 2015	----Warning: QIODevice::read: device not open----
周二 四月 7 09:39:12 2015	----Warning: QIODevice::read: device not open----
周二 四月 7 09:39:12 2015	----Warning: QIODevice::read: device not open----
周二 四月 7 09:39:12 2015	----Warning: QIODevice::read: device not open----
周二 四月 7 09:39:12 2015	----Warning: QIODevice::read: device not open----
周二 四月 7 09:39:12 2015	----Warning: QIODevice::read: device not open----
周二 四月 7 09:39:12 2015	----Warning: QIODevice::read: device not open----
周二 四月 7 09:39:12 2015	----Warning: QIODevice::read: device not open----
周二 四月 7 09:39:12 2015	----Warning: QIODevice::read: device not open----
周二 四月 7 09:39:12 2015	----Warning: QIODevice::read: device not open----
周二 四月 7 09:39:12 2015	----Warning: QIODevice::read: device not open----
周二 四月 7 09:39:12 2015	----Warning: QIODevice::read: device not open----
周二 四月 7 09:39:12 2015	----Warning: QIODevice::read: device not open----
周二 四月 7 09:39:12 2015	----Warning: QIODevice::read: device not open----
周二 四月 7 09:39:12 2015	----Warning: QIODevice::read: device not open----
周二 四月 7 09:39:12 2015	----Warning: QIODevice::read: device not open----
周二 四月 7 09:39:12 2015	----Warning: QIODevice::read: device not open----
周二 四月 7 09:39:12 2015	----Warning: QIODevice::read: device not open----
周二 四月 7 09:39:12 2015	----Warning: QIODevice::read: device not open----
周二 四月 7 09:39:12 2015	----Warning: QIODevice::read: device not open----
周二 四月 7 09:39:12 2015	----Warning: QIODevice::read: device not open----
周二 四月 7 09:39:12 2015	----Debug: dataCollectThread terminate----
周二 四月 7 09:39:13 2015	----Debug: BaseDataButton_Clicked----
周二 四月 7 09:39:13 2015	----Debug: 串口打开成功----
周二 四月 7 09:39:13 2015	----Debug: dataCollectThread start----
周二 四月 7 09:39:13 2015	----Debug: SettingButton_Clicked----
周二 四月 7 09:39:14 2015	----Warning: QIODevice::read: device not open----
周二 四月 7 09:39:14 2015	----Warning: QIODevice::read: device not open----
周二 四月 7 09:39:14 2015	----Warning: QIODevice::read: device not open----
周二 四月 7 09:39:14 2015	----Warning: QIODevice::read: device not open----
周二 四月 7 09:39:14 2015	----Warning: QIODevice::read: device not open----
周二 四月 7 09:39:14 2015	----Warning: QIODevice::read: device not open----
周二 四月 7 09:39:14 2015	----Debug: 串口已关闭----
周二 四月 7 09:39:14 2015	----Warning: QIODevice::read: device not open----
周二 四月 7 09:39:14 2015	----Debug: dataCollectThread terminate----
周二 四月 7 09:39:16 2015	----Debug: BaseDataButton_Clicked----
周二 四月 7 09:39:16 2015	----Debug: 串口打开成功----
周二 四月 7 09:39:16 2015	----Debug: dataCollectThread start----
周二 四月 7 09:41:48 2015	----Debug: ChartButton_Clicked----
周二 四月 7 09:41:50 2015	----Debug: BaseDataButton_Clicked----
周二 四月 7 09:50:58 2015	----Debug: ChartButton_Clicked----
周二 四月 7 09:50:59 2015	----Debug: BaseDataButton_Clicked----
周二 四月 7 10:10:26 2015	----Debug: SettingButton_Clicked----
周二 四月 7 10:10:26 2015	----Warning: QIODevice::read: device not open----
周二 四月 7 10:10:26 2015	----Warning: QIODevice::read: device not open----
周二 四月 7 10:10:26 2015	----Warning: QIODevice::read: device not open----
周二 四月 7 10:10:26 2015	----Warning: QIODevice::read: device not open----
周二 四月 7 10:10:26 2015	----Warning: QIODevice::read: device not open----
周二 四月 7 10:10:26 2015	----Warning: QIODevice::read: device not open----
周二 四月 7 10:10:26 2015	----Warning: QIODevice::read: device not open----
周二 四月 7 10:10:26 2015	----Debug: dataCollectThread terminate----
周二 四月 7 10:10:34 2015	----Debug: ChartButton_Clicked----
周二 四月 7 10:10:34 2015	----Debug: 串口打开成功----
周二 四月 7 10:10:34 2015	----Debug: dataCollectThread start----
周二 四月 7 10:10:35 2015	----Debug: BaseDataButton_Clicked----
周二 四月 7 10:46:40 2015	----Debug: APP Stop----
周二 四月 7 10:46:40 2015	----Debug: APP Stop:dataCollectThread terminate----
周二 四月 7 10:46:40 2015	----Debug: 串口已关闭----
周二 四月 7 13:48:04 2015	----Debug: APP Start----
周二 四月 7 13:48:26 2015	----Debug: BaseDataButton_Clicked----
周二 四月 7 13:48:26 2015	----Debug: 串口打开失败，请重新设置串口----
周二 四月 7 13:48:27 2015	----Debug: SettingButton_Clicked----
周二 四月 7 13:48:28 2015	----Debug: ChartButton_Clicked----
周二 四月 7 13:48:28 2015	----Debug: 串口打开失败，请重新设置串口----
周二 四月 7 13:48:28 2015	----Debug: BaseDataButton_Clicked----
周二 四月 7 13:48:28 2015	----Debug: 串口打开失败，请重新设置串口----
周二 四月 7 13:48:29 2015	----Debug: SettingButton_Clicked----
周二 四月 7 13:48:32 2015	----Debug: BaseDataButton_Clicked----
周二 四月 7 13:48:32 2015	----Debug: 串口打开失败，请重新设置串口----
周二 四月 7 13:48:33 2015	----Debug: SettingButton_Clicked----
周二 四月 7 13:48:33 2015	----Debug: ChartButton_Clicked----
周二 四月 7 13:48:33 2015	----Debug: 串口打开失败，请重新设置串口----
周二 四月 7 13:48:36 2015	----Debug: BaseDataButton_Clicked----
周二 四月 7 13:48:36 2015	----Debug: 串口打开失败，请重新设置串口----
周二 四月 7 13:48:40 2015	----Debug: APP Stop----
周二 四月 7 14:46:02 2015	----Debug: APP Start----
周二 四月 7 14:47:11 2015	----Debug: APP Stop----
周二 四月 7 14:47:11 2015	----Debug: APP Stop:dataCollectThread terminate----
周二 四月 7 14:47:11 2015	----Debug: 串口已关闭----
周二 四月 7 14:48:18 2015	----Debug: APP Start----
周二 四月 7 14:51:26 2015	----Debug: BaseDataButton_Clicked----
周二 四月 7 14:51:29 2015	----Debug: ChartButton_Clicked----
周二 四月 7 14:51:30 2015	----Debug: SettingButton_Clicked----
周二 四月 7 14:51:30 2015	----Warning: QIODevice::read: device not open----
周二 四月 7 14:51:30 2015	----Warning: QIODevice::read: device not open----
周二 四月 7 14:51:30 2015	----Warning: QIODevice::read: device not open----
周二 四月 7 14:51:30 2015	----Warning: QIODevice::read: device not open----
周二 四月 7 14:51:30 2015	----Warning: QIODevice::read: device not open----
周二 四月 7 14:51:30 2015	----Warning: QIODevice::read: device not open----
周二 四月 7 14:51:30 2015	----Warning: QIODevice::read: device not open----
周二 四月 7 14:51:30 2015	----Warning: QIODevice::read: device not open----
周二 四月 7 14:51:30 2015	----Warning: QIODevice::read: device not open----
周二 四月 7 14:51:30 2015	----Warning: QIODevice::read: device not open----
周二 四月 7 14:51:30 2015	----Warning: QIODevice::read: device not open----
周二 四月 7 14:51:30 2015	----Warning: QIODevice::read: device not open----
周二 四月 7 14:51:30 2015	----Warning: QIODevice::read: device not open----
周二 四月 7 14:51:30 2015	----Warning: QIODevice::read: device not open----
周二 四月 7 14:51:30 2015	----Warning: QIODevice::read: device not open----
周二 四月 7 14:51:30 2015	----Warning: QIODevice::read: device not open----
周二 四月 7 14:51:30 2015	----Warning: QIODevice::read: device not open----
周二 四月 7 14:51:30 2015	----Warning: QIODevice::read: device not open----
周二 四月 7 14:51:30 2015	----Debug: 串口已关闭----
周二 四月 7 14:51:30 2015	----Warning: QIODevice::read: device not open----
周二 四月 7 14:51:30 2015	----Debug: dataCollectThread terminate----
周二 四月 7 14:51:31 2015	----Debug: BaseDataButton_Clicked----
周二 四月 7 14:51:31 2015	----Debug: 串口打开成功----
周二 四月 7 14:51:31 2015	----Debug: dataCollectThread start----
周二 四月 7 15:12:23 2015	----Debug: BaseDataButton_Clicked----
周二 四月 7 15:12:24 2015	----Debug: SettingButton_Clicked----
周二 四月 7 15:12:24 2015	----Warning: QIODevice::read: device not open----
周二 四月 7 15:12:24 2015	----Warning: QIODevice::read: device not open----
周二 四月 7 15:12:24 2015	----Warning: QIODevice::read: device not open----
周二 四月 7 15:12:24 2015	----Warning: QIODevice::read: device not open----
周二 四月 7 15:12:24 2015	----Debug: 串口已关闭----
周二 四月 7 15:12:24 2015	----Warning: QIODevice::read: device not open----
周二 四月 7 15:12:24 2015	----Debug: dataCollectThread terminate----
周二 四月 7 15:12:25 2015	----Debug: BaseDataButton_Clicked----
周二 四月 7 15:12:25 2015	----Debug: 串口打开成功----
周二 四月 7 15:12:25 2015	----Debug: dataCollectThread start----
周二 四月 7 16:18:55 2015	----Debug: APP Stop----
周二 四月 7 16:18:55 2015	----Debug: APP Stop:dataCollectThread terminate----
周二 四月 7 16:18:56 2015	----Debug: 串口已关闭----
周二 四月 7 16:20:10 2015	----Debug: APP Start----
周二 四月 7 16:49:56 2015	----Debug: ChartButton_Clicked----
周二 四月 7 16:49:57 2015	----Debug: BaseDataButton_Clicked----
周二 四月 7 16:50:00 2015	----Debug: SettingButton_Clicked----
周二 四月 7 16:50:00 2015	----Warning: QIODevice::read: device not open----
周二 四月 7 16:50:00 2015	----Warning: QIODevice::read: device not open----
周二 四月 7 16:50:00 2015	----Warning: QIODevice::read: device not open----
周二 四月 7 16:50:00 2015	----Warning: QIODevice::read: device not open----
周二 四月 7 16:50:00 2015	----Warning: QIODevice::read: device not open----
周二 四月 7 16:50:00 2015	----Warning: QIODevice::read: device not open----
周二 四月 7 16:50:00 2015	----Warning: QIODevice::read: device not open----
周二 四月 7 16:50:00 2015	----Warning: QIODevice::read: device not open----
周二 四月 7 16:50:00 2015	----Warning: QIODevice::read: device not open----
周二 四月 7 16:50:00 2015	----Warning: QIODevice::read: device not open----
周二 四月 7 16:50:00 2015	----Warning: QIODevice::read: device not open----
周二 四月 7 16:50:00 2015	----Warning: QIODevice::read: device not open----
周二 四月 7 16:50:00 2015	----Debug: 串口已关闭----
周二 四月 7 16:50:00 2015	----Warning: QIODevice::read: device not open----
周二 四月 7 16:50:00 2015	----Debug: dataCollectThread terminate----
周二 四月 7 16:50:00 2015	----Debug: BaseDataButton_Clicked----
周二 四月 7 16:50:00 2015	----Debug: 串口打开成功----
周二 四月 7 16:50:00 2015	----Debug: dataCollectThread start----
周二 四月 7 18:44:27 2015	----Debug: APP Stop----
周二 四月 7 18:44:27 2015	----Debug: APP Stop:dataCollectThread terminate----
周二 四月 7 18:44:28 2015	----Debug: 串口已关闭----
周二 四月 7 18:44:28 2015	----Warning: QMutex: destroying locked mutex----
