c:\users\zlj\desktop\bmd101\bmd101\debug\vc120.pdb
c:\users\zlj\desktop\bmd101\bmd101\debug\win_qextserialport.obj
c:\users\zlj\desktop\bmd101\bmd101\debug\qextserialport.obj
c:\users\zlj\desktop\bmd101\bmd101\debug\qextserialbase.obj
c:\users\zlj\desktop\bmd101\bmd101\debug\main.obj
c:\users\zlj\desktop\bmd101\bmd101\debug\moc_win_qextserialport.obj
c:\users\zlj\desktop\bmd101\bmd101\debug\moc_qextserialport.obj
c:\users\zlj\desktop\bmd101\bmd101\debug\moc_qextserialbase.obj
c:\users\zlj\desktop\bmd101\bmd101\debug\moc_datacollectthread.obj
c:\users\zlj\desktop\bmd101\bmd101\debug\moc_bmd101.obj
c:\users\zlj\desktop\bmd101\bmd101\debug\datacollectthread.obj
c:\users\zlj\desktop\bmd101\bmd101\debug\bmd101.obj
c:\users\zlj\desktop\bmd101\bmd101\debug\qcustomplot.obj
c:\users\zlj\desktop\bmd101\bmd101\debug\moc_qcustomplot.obj
c:\users\zlj\desktop\bmd101\bmd101\debug\qbmd101.obj
c:\users\zlj\desktop\bmd101\bmd101\debug\qrc_bmd101.obj
c:\users\zlj\desktop\bmd101\bmd101\generatedfiles\debug\moc_qextserialbase.cpp
c:\users\zlj\desktop\bmd101\bmd101\generatedfiles\debug\moc_qextserialport.cpp
c:\users\zlj\desktop\bmd101\bmd101\generatedfiles\debug\moc_win_qextserialport.cpp
c:\users\zlj\desktop\bmd101\bmd101\generatedfiles\qrc_bmd101.cpp
c:\users\zlj\desktop\bmd101\bmd101\generatedfiles\debug\moc_qcustomplot.cpp
c:\users\zlj\desktop\bmd101\bmd101\generatedfiles\debug\moc_datacollectthread.cpp
c:\users\zlj\desktop\bmd101\bmd101\generatedfiles\debug\moc_bmd101.cpp
c:\users\zlj\desktop\bmd101\bmd101\generatedfiles\ui_bmd101.h
c:\users\zlj\desktop\bmd101\win32\debug\bmd101.ilk
c:\users\zlj\desktop\bmd101\win32\debug\bmd101.exe
c:\users\zlj\desktop\bmd101\win32\debug\bmd101.pdb
c:\users\zlj\desktop\bmd101\bmd101\debug\bmd101.res
c:\users\zlj\desktop\bmd101\bmd101\debug\bmd101.tlog\cl.command.1.tlog
c:\users\zlj\desktop\bmd101\bmd101\debug\bmd101.tlog\cl.read.1.tlog
c:\users\zlj\desktop\bmd101\bmd101\debug\bmd101.tlog\cl.write.1.tlog
c:\users\zlj\desktop\bmd101\bmd101\debug\bmd101.tlog\custombuild.command.1.tlog
c:\users\zlj\desktop\bmd101\bmd101\debug\bmd101.tlog\custombuild.read.1.tlog
c:\users\zlj\desktop\bmd101\bmd101\debug\bmd101.tlog\custombuild.write.1.tlog
c:\users\zlj\desktop\bmd101\bmd101\debug\bmd101.tlog\link.command.1.tlog
c:\users\zlj\desktop\bmd101\bmd101\debug\bmd101.tlog\link.read.1.tlog
c:\users\zlj\desktop\bmd101\bmd101\debug\bmd101.tlog\link.write.1.tlog
c:\users\zlj\desktop\bmd101\bmd101\debug\bmd101.tlog\rc.command.1.tlog
c:\users\zlj\desktop\bmd101\bmd101\debug\bmd101.tlog\rc.read.1.tlog
c:\users\zlj\desktop\bmd101\bmd101\debug\bmd101.tlog\rc.write.1.tlog
